2025-04-25 22:45:43,706 [main] ERROR o.e.m.c.i.p.r.ProjectRegistryReader - Can't read workspace state
java.io.InvalidClassException: org.eclipse.m2e.core.internal.project.registry.VersionlessKey; local class incompatible: stream classdesc serialVersionUID = 0, local class serialVersionUID = 2125977578206347429
	at java.io.ObjectStreamClass.initNonProxy(Unknown Source) ~[na:1.8.0_441]
	at java.io.ObjectInputStream.readNonProxyDesc(Unknown Source) ~[na:1.8.0_441]
	at java.io.ObjectInputStream.readClassDesc(Unknown Source) ~[na:1.8.0_441]
	at java.io.ObjectInputStream.readOrdinaryObject(Unknown Source) ~[na:1.8.0_441]
	at java.io.ObjectInputStream.readObject0(Unknown Source) ~[na:1.8.0_441]
	at java.io.ObjectInputStream.defaultReadFields(Unknown Source) ~[na:1.8.0_441]
	at java.io.ObjectInputStream.readSerialData(Unknown Source) ~[na:1.8.0_441]
	at java.io.ObjectInputStream.readOrdinaryObject(Unknown Source) ~[na:1.8.0_441]
	at java.io.ObjectInputStream.readObject0(Unknown Source) ~[na:1.8.0_441]
	at java.io.ObjectInputStream.readObject(Unknown Source) ~[na:1.8.0_441]
	at java.io.ObjectInputStream.readObject(Unknown Source) ~[na:1.8.0_441]
	at java.util.HashSet.readObject(Unknown Source) ~[na:1.8.0_441]
	at sun.reflect.NativeMethodAccessorImpl.invoke0(Native Method) ~[na:1.8.0_441]
	at sun.reflect.NativeMethodAccessorImpl.invoke(Unknown Source) ~[na:1.8.0_441]
	at sun.reflect.DelegatingMethodAccessorImpl.invoke(Unknown Source) ~[na:1.8.0_441]
	at java.lang.reflect.Method.invoke(Unknown Source) ~[na:1.8.0_441]
	at java.io.ObjectStreamClass.invokeReadObject(Unknown Source) ~[na:1.8.0_441]
	at java.io.ObjectInputStream.readSerialData(Unknown Source) ~[na:1.8.0_441]
	at java.io.ObjectInputStream.readOrdinaryObject(Unknown Source) ~[na:1.8.0_441]
	at java.io.ObjectInputStream.readObject0(Unknown Source) ~[na:1.8.0_441]
	at java.io.ObjectInputStream.readObject(Unknown Source) ~[na:1.8.0_441]
	at java.io.ObjectInputStream.readObject(Unknown Source) ~[na:1.8.0_441]
	at java.util.HashMap.readObject(Unknown Source) ~[na:1.8.0_441]
	at sun.reflect.NativeMethodAccessorImpl.invoke0(Native Method) ~[na:1.8.0_441]
	at sun.reflect.NativeMethodAccessorImpl.invoke(Unknown Source) ~[na:1.8.0_441]
	at sun.reflect.DelegatingMethodAccessorImpl.invoke(Unknown Source) ~[na:1.8.0_441]
	at java.lang.reflect.Method.invoke(Unknown Source) ~[na:1.8.0_441]
	at java.io.ObjectStreamClass.invokeReadObject(Unknown Source) ~[na:1.8.0_441]
	at java.io.ObjectInputStream.readSerialData(Unknown Source) ~[na:1.8.0_441]
	at java.io.ObjectInputStream.readOrdinaryObject(Unknown Source) ~[na:1.8.0_441]
	at java.io.ObjectInputStream.readObject0(Unknown Source) ~[na:1.8.0_441]
	at java.io.ObjectInputStream.defaultReadFields(Unknown Source) ~[na:1.8.0_441]
	at java.io.ObjectInputStream.readSerialData(Unknown Source) ~[na:1.8.0_441]
	at java.io.ObjectInputStream.readOrdinaryObject(Unknown Source) ~[na:1.8.0_441]
	at java.io.ObjectInputStream.readObject0(Unknown Source) ~[na:1.8.0_441]
	at java.io.ObjectInputStream.readObject(Unknown Source) ~[na:1.8.0_441]
	at java.io.ObjectInputStream.readObject(Unknown Source) ~[na:1.8.0_441]
	at org.eclipse.m2e.core.internal.project.registry.ProjectRegistryReader.readWorkspaceState(ProjectRegistryReader.java:103) ~[org.eclipse.m2e.core_1.15.0.20200305-1308.jar:na]
	at org.eclipse.m2e.core.internal.project.registry.ProjectRegistryManager.<init>(ProjectRegistryManager.java:179) [org.eclipse.m2e.core_1.15.0.20200305-1308.jar:na]
	at org.eclipse.m2e.core.internal.MavenPluginActivator.start(MavenPluginActivator.java:239) [org.eclipse.m2e.core_1.15.0.20200305-1308.jar:na]
	at org.eclipse.osgi.internal.framework.BundleContextImpl$3.run(BundleContextImpl.java:842) [org.eclipse.osgi_3.15.200.v20200214-1600.jar:na]
	at org.eclipse.osgi.internal.framework.BundleContextImpl$3.run(BundleContextImpl.java:1) [org.eclipse.osgi_3.15.200.v20200214-1600.jar:na]
	at java.security.AccessController.doPrivileged(Native Method) [na:1.8.0_441]
	at org.eclipse.osgi.internal.framework.BundleContextImpl.startActivator(BundleContextImpl.java:834) [org.eclipse.osgi_3.15.200.v20200214-1600.jar:na]
	at org.eclipse.osgi.internal.framework.BundleContextImpl.start(BundleContextImpl.java:791) [org.eclipse.osgi_3.15.200.v20200214-1600.jar:na]
	at org.eclipse.osgi.internal.framework.EquinoxBundle.startWorker0(EquinoxBundle.java:1015) [org.eclipse.osgi_3.15.200.v20200214-1600.jar:na]
	at org.eclipse.osgi.internal.framework.EquinoxBundle$EquinoxModule.startWorker(EquinoxBundle.java:365) [org.eclipse.osgi_3.15.200.v20200214-1600.jar:na]
	at org.eclipse.osgi.container.Module.doStart(Module.java:603) [org.eclipse.osgi_3.15.200.v20200214-1600.jar:na]
	at org.eclipse.osgi.container.Module.start(Module.java:467) [org.eclipse.osgi_3.15.200.v20200214-1600.jar:na]
	at org.eclipse.osgi.framework.util.SecureAction.start(SecureAction.java:493) [org.eclipse.osgi_3.15.200.v20200214-1600.jar:na]
	at org.eclipse.osgi.internal.hooks.EclipseLazyStarter.postFindLocalClass(EclipseLazyStarter.java:117) [org.eclipse.osgi_3.15.200.v20200214-1600.jar:na]
	at org.eclipse.osgi.internal.loader.classpath.ClasspathManager.findLocalClass(ClasspathManager.java:571) [org.eclipse.osgi_3.15.200.v20200214-1600.jar:na]
	at org.eclipse.osgi.internal.loader.ModuleClassLoader.findLocalClass(ModuleClassLoader.java:346) [org.eclipse.osgi_3.15.200.v20200214-1600.jar:na]
	at org.eclipse.osgi.internal.loader.BundleLoader.findLocalClass(BundleLoader.java:398) [org.eclipse.osgi_3.15.200.v20200214-1600.jar:na]
	at org.eclipse.osgi.internal.loader.sources.SingleSourcePackage.loadClass(SingleSourcePackage.java:41) [org.eclipse.osgi_3.15.200.v20200214-1600.jar:na]
	at org.eclipse.osgi.internal.loader.BundleLoader.findClass(BundleLoader.java:473) [org.eclipse.osgi_3.15.200.v20200214-1600.jar:na]
	at org.eclipse.osgi.internal.loader.ModuleClassLoader.loadClass(ModuleClassLoader.java:171) [org.eclipse.osgi_3.15.200.v20200214-1600.jar:na]
	at java.lang.ClassLoader.loadClass(Unknown Source) [na:1.8.0_441]
	at java.lang.Class.getDeclaredConstructors0(Native Method) [na:1.8.0_441]
	at java.lang.Class.privateGetDeclaredConstructors(Unknown Source) [na:1.8.0_441]
	at java.lang.Class.getConstructor0(Unknown Source) [na:1.8.0_441]
	at java.lang.Class.getConstructor(Unknown Source) [na:1.8.0_441]
	at org.eclipse.osgi.internal.framework.BundleContextImpl.loadBundleActivator(BundleContextImpl.java:825) [org.eclipse.osgi_3.15.200.v20200214-1600.jar:na]
	at org.eclipse.osgi.internal.framework.BundleContextImpl.start(BundleContextImpl.java:778) [org.eclipse.osgi_3.15.200.v20200214-1600.jar:na]
	at org.eclipse.osgi.internal.framework.EquinoxBundle.startWorker0(EquinoxBundle.java:1015) [org.eclipse.osgi_3.15.200.v20200214-1600.jar:na]
	at org.eclipse.osgi.internal.framework.EquinoxBundle$EquinoxModule.startWorker(EquinoxBundle.java:365) [org.eclipse.osgi_3.15.200.v20200214-1600.jar:na]
	at org.eclipse.osgi.container.Module.doStart(Module.java:603) [org.eclipse.osgi_3.15.200.v20200214-1600.jar:na]
	at org.eclipse.osgi.container.Module.start(Module.java:467) [org.eclipse.osgi_3.15.200.v20200214-1600.jar:na]
	at org.eclipse.osgi.framework.util.SecureAction.start(SecureAction.java:493) [org.eclipse.osgi_3.15.200.v20200214-1600.jar:na]
	at org.eclipse.osgi.internal.hooks.EclipseLazyStarter.postFindLocalClass(EclipseLazyStarter.java:117) [org.eclipse.osgi_3.15.200.v20200214-1600.jar:na]
	at org.eclipse.osgi.internal.loader.classpath.ClasspathManager.findLocalClass(ClasspathManager.java:571) [org.eclipse.osgi_3.15.200.v20200214-1600.jar:na]
	at org.eclipse.osgi.internal.loader.ModuleClassLoader.findLocalClass(ModuleClassLoader.java:346) [org.eclipse.osgi_3.15.200.v20200214-1600.jar:na]
	at org.eclipse.osgi.internal.loader.BundleLoader.findLocalClass(BundleLoader.java:398) [org.eclipse.osgi_3.15.200.v20200214-1600.jar:na]
	at org.eclipse.osgi.internal.loader.BundleLoader.findClass(BundleLoader.java:477) [org.eclipse.osgi_3.15.200.v20200214-1600.jar:na]
	at org.eclipse.osgi.internal.loader.ModuleClassLoader.loadClass(ModuleClassLoader.java:171) [org.eclipse.osgi_3.15.200.v20200214-1600.jar:na]
	at java.lang.ClassLoader.loadClass(Unknown Source) [na:1.8.0_441]
	at org.eclipse.osgi.internal.framework.EquinoxBundle.loadClass(EquinoxBundle.java:620) [org.eclipse.osgi_3.15.200.v20200214-1600.jar:na]
	at org.eclipse.core.internal.registry.osgi.RegistryStrategyOSGI.createExecutableExtension(RegistryStrategyOSGI.java:196) [org.eclipse.equinox.registry_3.8.700.v20200121-1457.jar:na]
	at org.eclipse.core.internal.registry.ExtensionRegistry.createExecutableExtension(ExtensionRegistry.java:923) [org.eclipse.equinox.registry_3.8.700.v20200121-1457.jar:na]
	at org.eclipse.core.internal.registry.ConfigurationElement.createExecutableExtension(ConfigurationElement.java:246) [org.eclipse.equinox.registry_3.8.700.v20200121-1457.jar:na]
	at org.eclipse.core.internal.registry.ConfigurationElementHandle.createExecutableExtension(ConfigurationElementHandle.java:63) [org.eclipse.equinox.registry_3.8.700.v20200121-1457.jar:na]
	at org.eclipse.jdt.core.JavaCore.computeClasspathContainerInitializer(JavaCore.java:3794) [org.eclipse.jdt.core_3.21.0.v20200304-1404.jar:na]
	at org.eclipse.jdt.core.JavaCore.getClasspathContainerInitializer(JavaCore.java:3770) [org.eclipse.jdt.core_3.21.0.v20200304-1404.jar:na]
	at org.eclipse.jdt.internal.core.JavaModelManager.initializeContainer(JavaModelManager.java:3177) [org.eclipse.jdt.core_3.21.0.v20200304-1404.jar:na]
	at org.eclipse.jdt.internal.core.JavaModelManager.getClasspathContainer(JavaModelManager.java:2116) [org.eclipse.jdt.core_3.21.0.v20200304-1404.jar:na]
	at org.eclipse.jdt.core.JavaCore.getClasspathContainer(JavaCore.java:3747) [org.eclipse.jdt.core_3.21.0.v20200304-1404.jar:na]
	at org.eclipse.jdt.internal.core.JavaProject.resolveClasspath(JavaProject.java:3161) [org.eclipse.jdt.core_3.21.0.v20200304-1404.jar:na]
	at org.eclipse.jdt.internal.core.JavaProject.resolveClasspath(JavaProject.java:3325) [org.eclipse.jdt.core_3.21.0.v20200304-1404.jar:na]
	at org.eclipse.jdt.internal.core.JavaProject.getResolvedClasspath(JavaProject.java:2409) [org.eclipse.jdt.core_3.21.0.v20200304-1404.jar:na]
	at org.eclipse.jdt.internal.core.PackageFragmentRoot.getRawClasspathEntry(PackageFragmentRoot.java:607) [org.eclipse.jdt.core_3.21.0.v20200304-1404.jar:na]
	at org.eclipse.jdt.internal.ui.packageview.PackageExplorerContentProvider.internalGetParent(PackageExplorerContentProvider.java:381) [org.eclipse.jdt.ui_3.21.0.v20200226-1531.jar:na]
	at org.eclipse.jdt.internal.ui.packageview.PackageExplorerContentProvider.processDelta(PackageExplorerContentProvider.java:739) [org.eclipse.jdt.ui_3.21.0.v20200226-1531.jar:na]
	at org.eclipse.jdt.internal.ui.packageview.PackageExplorerContentProvider.handleAffectedChildren(PackageExplorerContentProvider.java:820) [org.eclipse.jdt.ui_3.21.0.v20200226-1531.jar:na]
	at org.eclipse.jdt.internal.ui.packageview.PackageExplorerContentProvider.processDelta(PackageExplorerContentProvider.java:763) [org.eclipse.jdt.ui_3.21.0.v20200226-1531.jar:na]
	at org.eclipse.jdt.internal.ui.packageview.PackageExplorerContentProvider.handleAffectedChildren(PackageExplorerContentProvider.java:820) [org.eclipse.jdt.ui_3.21.0.v20200226-1531.jar:na]
	at org.eclipse.jdt.internal.ui.packageview.PackageExplorerContentProvider.processDelta(PackageExplorerContentProvider.java:763) [org.eclipse.jdt.ui_3.21.0.v20200226-1531.jar:na]
	at org.eclipse.jdt.internal.ui.packageview.PackageExplorerContentProvider.elementChanged(PackageExplorerContentProvider.java:139) [org.eclipse.jdt.ui_3.21.0.v20200226-1531.jar:na]
	at org.eclipse.jdt.internal.core.DeltaProcessor$3.run(DeltaProcessor.java:1755) [org.eclipse.jdt.core_3.21.0.v20200304-1404.jar:na]
	at org.eclipse.core.runtime.SafeRunner.run(SafeRunner.java:45) [org.eclipse.equinox.common_3.11.0.v20200206-0817.jar:na]
	at org.eclipse.jdt.internal.core.DeltaProcessor.notifyListeners(DeltaProcessor.java:1743) [org.eclipse.jdt.core_3.21.0.v20200304-1404.jar:na]
	at org.eclipse.jdt.internal.core.DeltaProcessor.firePostChangeDelta(DeltaProcessor.java:1576) [org.eclipse.jdt.core_3.21.0.v20200304-1404.jar:na]
	at org.eclipse.jdt.internal.core.DeltaProcessor.fire(DeltaProcessor.java:1552) [org.eclipse.jdt.core_3.21.0.v20200304-1404.jar:na]
	at org.eclipse.jdt.internal.core.JavaModelOperation.run(JavaModelOperation.java:777) [org.eclipse.jdt.core_3.21.0.v20200304-1404.jar:na]
	at org.eclipse.jdt.internal.core.JavaModelOperation.runOperation(JavaModelOperation.java:802) [org.eclipse.jdt.core_3.21.0.v20200304-1404.jar:na]
	at org.eclipse.jdt.internal.core.CompilationUnit.becomeWorkingCopy(CompilationUnit.java:97) [org.eclipse.jdt.core_3.21.0.v20200304-1404.jar:na]
	at org.eclipse.jdt.internal.ui.javaeditor.CompilationUnitDocumentProvider.createFileInfo(CompilationUnitDocumentProvider.java:1043) [org.eclipse.jdt.ui_3.21.0.v20200226-1531.jar:na]
	at org.eclipse.ui.editors.text.TextFileDocumentProvider.connect(TextFileDocumentProvider.java:481) [org.eclipse.ui.editors_3.13.100.v20200130-1507.jar:na]
	at org.eclipse.jdt.internal.ui.javaeditor.CompilationUnitDocumentProvider.connect(CompilationUnitDocumentProvider.java:1288) [org.eclipse.jdt.ui_3.21.0.v20200226-1531.jar:na]
	at org.eclipse.ui.texteditor.AbstractTextEditor.doSetInput(AbstractTextEditor.java:4212) [org.eclipse.ui.workbench.texteditor_3.14.100.v20200212-1049.jar:na]
	at org.eclipse.ui.texteditor.StatusTextEditor.doSetInput(StatusTextEditor.java:260) [org.eclipse.ui.workbench.texteditor_3.14.100.v20200212-1049.jar:na]
	at org.eclipse.ui.texteditor.AbstractDecoratedTextEditor.doSetInput(AbstractDecoratedTextEditor.java:1477) [org.eclipse.ui.editors_3.13.100.v20200130-1507.jar:na]
	at org.eclipse.jdt.internal.ui.javaeditor.JavaEditor.internalDoSetInput(JavaEditor.java:2575) [org.eclipse.jdt.ui_3.21.0.v20200226-1531.jar:na]
	at org.eclipse.jdt.internal.ui.javaeditor.JavaEditor.doSetInput(JavaEditor.java:2548) [org.eclipse.jdt.ui_3.21.0.v20200226-1531.jar:na]
	at org.eclipse.jdt.internal.ui.javaeditor.CompilationUnitEditor.doSetInput(CompilationUnitEditor.java:1423) [org.eclipse.jdt.ui_3.21.0.v20200226-1531.jar:na]
	at org.eclipse.ui.texteditor.AbstractTextEditor.lambda$1(AbstractTextEditor.java:3179) [org.eclipse.ui.workbench.texteditor_3.14.100.v20200212-1049.jar:na]
	at org.eclipse.ui.internal.WorkbenchWindow.run(WorkbenchWindow.java:2320) ~[org.eclipse.ui.workbench_3.118.0.v20200222-0719.jar:na]
	at org.eclipse.ui.texteditor.AbstractTextEditor.internalInit(AbstractTextEditor.java:3196) [org.eclipse.ui.workbench.texteditor_3.14.100.v20200212-1049.jar:na]
	at org.eclipse.ui.texteditor.AbstractTextEditor.init(AbstractTextEditor.java:3221) [org.eclipse.ui.workbench.texteditor_3.14.100.v20200212-1049.jar:na]
	at org.eclipse.ui.internal.EditorReference.initialize(EditorReference.java:353) ~[org.eclipse.ui.workbench_3.118.0.v20200222-0719.jar:na]
	at org.eclipse.ui.internal.e4.compatibility.CompatibilityPart.create(CompatibilityPart.java:340) ~[org.eclipse.ui.workbench_3.118.0.v20200222-0719.jar:na]
	at sun.reflect.NativeMethodAccessorImpl.invoke0(Native Method) ~[na:1.8.0_441]
	at sun.reflect.NativeMethodAccessorImpl.invoke(Unknown Source) ~[na:1.8.0_441]
	at sun.reflect.DelegatingMethodAccessorImpl.invoke(Unknown Source) ~[na:1.8.0_441]
	at java.lang.reflect.Method.invoke(Unknown Source) ~[na:1.8.0_441]
	at org.eclipse.e4.core.internal.di.MethodRequestor.execute(MethodRequestor.java:58) ~[na:na]
	at org.eclipse.e4.core.internal.di.InjectorImpl.processAnnotated(InjectorImpl.java:1002) ~[na:na]
	at org.eclipse.e4.core.internal.di.InjectorImpl.processAnnotated(InjectorImpl.java:967) ~[na:na]
	at org.eclipse.e4.core.internal.di.InjectorImpl.internalInject(InjectorImpl.java:139) ~[na:na]
	at org.eclipse.e4.core.internal.di.InjectorImpl.internalMake(InjectorImpl.java:408) ~[na:na]
	at org.eclipse.e4.core.internal.di.InjectorImpl.make(InjectorImpl.java:331) ~[na:na]
	at org.eclipse.e4.core.contexts.ContextInjectionFactory.make(ContextInjectionFactory.java:202) ~[na:na]
	at org.eclipse.e4.ui.internal.workbench.ReflectionContributionFactory.createFromBundle(ReflectionContributionFactory.java:91) ~[na:na]
	at org.eclipse.e4.ui.internal.workbench.ReflectionContributionFactory.doCreate(ReflectionContributionFactory.java:60) ~[na:na]
	at org.eclipse.e4.ui.internal.workbench.ReflectionContributionFactory.create(ReflectionContributionFactory.java:42) ~[na:na]
	at org.eclipse.e4.ui.workbench.renderers.swt.ContributedPartRenderer.createWidget(ContributedPartRenderer.java:132) ~[na:na]
	at org.eclipse.e4.ui.internal.workbench.swt.PartRenderingEngine.createWidget(PartRenderingEngine.java:1002) ~[na:na]
	at org.eclipse.e4.ui.internal.workbench.swt.PartRenderingEngine.safeCreateGui(PartRenderingEngine.java:662) ~[na:na]
	at org.eclipse.e4.ui.internal.workbench.swt.PartRenderingEngine.safeCreateGui(PartRenderingEngine.java:768) ~[na:na]
	at org.eclipse.e4.ui.internal.workbench.swt.PartRenderingEngine.access$0(PartRenderingEngine.java:739) ~[na:na]
	at org.eclipse.e4.ui.internal.workbench.swt.PartRenderingEngine$2.run(PartRenderingEngine.java:733) ~[na:na]
	at org.eclipse.core.runtime.SafeRunner.run(SafeRunner.java:45) [org.eclipse.equinox.common_3.11.0.v20200206-0817.jar:na]
	at org.eclipse.e4.ui.internal.workbench.swt.PartRenderingEngine.createGui(PartRenderingEngine.java:717) ~[na:na]
	at org.eclipse.e4.ui.workbench.renderers.swt.StackRenderer.showTab(StackRenderer.java:1297) ~[na:na]
	at org.eclipse.e4.ui.workbench.renderers.swt.LazyStackRenderer.postProcess(LazyStackRenderer.java:105) ~[na:na]
	at org.eclipse.e4.ui.internal.workbench.swt.PartRenderingEngine.safeCreateGui(PartRenderingEngine.java:680) ~[na:na]
	at org.eclipse.e4.ui.internal.workbench.swt.PartRenderingEngine.safeCreateGui(PartRenderingEngine.java:768) ~[na:na]
	at org.eclipse.e4.ui.internal.workbench.swt.PartRenderingEngine.access$0(PartRenderingEngine.java:739) ~[na:na]
	at org.eclipse.e4.ui.internal.workbench.swt.PartRenderingEngine$2.run(PartRenderingEngine.java:733) ~[na:na]
	at org.eclipse.core.runtime.SafeRunner.run(SafeRunner.java:45) [org.eclipse.equinox.common_3.11.0.v20200206-0817.jar:na]
	at org.eclipse.e4.ui.internal.workbench.swt.PartRenderingEngine.createGui(PartRenderingEngine.java:717) ~[na:na]
	at org.eclipse.e4.ui.workbench.renderers.swt.SWTPartRenderer.processContents(SWTPartRenderer.java:71) ~[na:na]
	at org.eclipse.e4.ui.internal.workbench.swt.PartRenderingEngine.safeCreateGui(PartRenderingEngine.java:676) ~[na:na]
	at org.eclipse.e4.ui.internal.workbench.swt.PartRenderingEngine$1.run(PartRenderingEngine.java:547) ~[na:na]
	at org.eclipse.core.runtime.SafeRunner.run(SafeRunner.java:45) [org.eclipse.equinox.common_3.11.0.v20200206-0817.jar:na]
	at org.eclipse.e4.ui.internal.workbench.swt.PartRenderingEngine.createGui(PartRenderingEngine.java:531) ~[na:na]
	at org.eclipse.e4.ui.workbench.renderers.swt.ElementReferenceRenderer.createWidget(ElementReferenceRenderer.java:73) ~[na:na]
	at org.eclipse.e4.ui.internal.workbench.swt.PartRenderingEngine.createWidget(PartRenderingEngine.java:1002) ~[na:na]
	at org.eclipse.e4.ui.internal.workbench.swt.PartRenderingEngine.safeCreateGui(PartRenderingEngine.java:662) ~[na:na]
	at org.eclipse.e4.ui.internal.workbench.swt.PartRenderingEngine.safeCreateGui(PartRenderingEngine.java:768) ~[na:na]
	at org.eclipse.e4.ui.internal.workbench.swt.PartRenderingEngine.access$0(PartRenderingEngine.java:739) ~[na:na]
	at org.eclipse.e4.ui.internal.workbench.swt.PartRenderingEngine$2.run(PartRenderingEngine.java:733) ~[na:na]
	at org.eclipse.core.runtime.SafeRunner.run(SafeRunner.java:45) [org.eclipse.equinox.common_3.11.0.v20200206-0817.jar:na]
	at org.eclipse.e4.ui.internal.workbench.swt.PartRenderingEngine.createGui(PartRenderingEngine.java:717) ~[na:na]
	at org.eclipse.e4.ui.workbench.renderers.swt.SWTPartRenderer.processContents(SWTPartRenderer.java:71) ~[na:na]
	at org.eclipse.e4.ui.workbench.renderers.swt.SashRenderer.processContents(SashRenderer.java:148) ~[na:na]
	at org.eclipse.e4.ui.internal.workbench.swt.PartRenderingEngine.safeCreateGui(PartRenderingEngine.java:676) ~[na:na]
	at org.eclipse.e4.ui.internal.workbench.swt.PartRenderingEngine.safeCreateGui(PartRenderingEngine.java:768) ~[na:na]
	at org.eclipse.e4.ui.internal.workbench.swt.PartRenderingEngine.access$0(PartRenderingEngine.java:739) ~[na:na]
	at org.eclipse.e4.ui.internal.workbench.swt.PartRenderingEngine$2.run(PartRenderingEngine.java:733) ~[na:na]
	at org.eclipse.core.runtime.SafeRunner.run(SafeRunner.java:45) [org.eclipse.equinox.common_3.11.0.v20200206-0817.jar:na]
	at org.eclipse.e4.ui.internal.workbench.swt.PartRenderingEngine.createGui(PartRenderingEngine.java:717) ~[na:na]
	at org.eclipse.e4.ui.workbench.renderers.swt.SWTPartRenderer.processContents(SWTPartRenderer.java:71) ~[na:na]
	at org.eclipse.e4.ui.workbench.renderers.swt.SashRenderer.processContents(SashRenderer.java:148) ~[na:na]
	at org.eclipse.e4.ui.internal.workbench.swt.PartRenderingEngine.safeCreateGui(PartRenderingEngine.java:676) ~[na:na]
	at org.eclipse.e4.ui.internal.workbench.swt.PartRenderingEngine.safeCreateGui(PartRenderingEngine.java:768) ~[na:na]
	at org.eclipse.e4.ui.internal.workbench.swt.PartRenderingEngine.access$0(PartRenderingEngine.java:739) ~[na:na]
	at org.eclipse.e4.ui.internal.workbench.swt.PartRenderingEngine$2.run(PartRenderingEngine.java:733) ~[na:na]
	at org.eclipse.core.runtime.SafeRunner.run(SafeRunner.java:45) [org.eclipse.equinox.common_3.11.0.v20200206-0817.jar:na]
	at org.eclipse.e4.ui.internal.workbench.swt.PartRenderingEngine.createGui(PartRenderingEngine.java:717) ~[na:na]
	at org.eclipse.e4.ui.workbench.renderers.swt.SWTPartRenderer.processContents(SWTPartRenderer.java:71) ~[na:na]
	at org.eclipse.e4.ui.workbench.renderers.swt.SashRenderer.processContents(SashRenderer.java:148) ~[na:na]
	at org.eclipse.e4.ui.internal.workbench.swt.PartRenderingEngine.safeCreateGui(PartRenderingEngine.java:676) ~[na:na]
	at org.eclipse.e4.ui.internal.workbench.swt.PartRenderingEngine.safeCreateGui(PartRenderingEngine.java:768) ~[na:na]
	at org.eclipse.e4.ui.internal.workbench.swt.PartRenderingEngine.access$0(PartRenderingEngine.java:739) ~[na:na]
	at org.eclipse.e4.ui.internal.workbench.swt.PartRenderingEngine$2.run(PartRenderingEngine.java:733) ~[na:na]
	at org.eclipse.core.runtime.SafeRunner.run(SafeRunner.java:45) [org.eclipse.equinox.common_3.11.0.v20200206-0817.jar:na]
	at org.eclipse.e4.ui.internal.workbench.swt.PartRenderingEngine.createGui(PartRenderingEngine.java:717) ~[na:na]
	at org.eclipse.e4.ui.workbench.renderers.swt.SWTPartRenderer.processContents(SWTPartRenderer.java:71) ~[na:na]
	at org.eclipse.e4.ui.workbench.renderers.swt.PerspectiveRenderer.processContents(PerspectiveRenderer.java:51) ~[na:na]
	at org.eclipse.e4.ui.internal.workbench.swt.PartRenderingEngine.safeCreateGui(PartRenderingEngine.java:676) ~[na:na]
	at org.eclipse.e4.ui.internal.workbench.swt.PartRenderingEngine.safeCreateGui(PartRenderingEngine.java:768) ~[na:na]
	at org.eclipse.e4.ui.internal.workbench.swt.PartRenderingEngine.access$0(PartRenderingEngine.java:739) ~[na:na]
	at org.eclipse.e4.ui.internal.workbench.swt.PartRenderingEngine$2.run(PartRenderingEngine.java:733) ~[na:na]
	at org.eclipse.core.runtime.SafeRunner.run(SafeRunner.java:45) [org.eclipse.equinox.common_3.11.0.v20200206-0817.jar:na]
	at org.eclipse.e4.ui.internal.workbench.swt.PartRenderingEngine.createGui(PartRenderingEngine.java:717) ~[na:na]
	at org.eclipse.e4.ui.workbench.renderers.swt.PerspectiveStackRenderer.showTab(PerspectiveStackRenderer.java:82) ~[na:na]
	at org.eclipse.e4.ui.workbench.renderers.swt.LazyStackRenderer.postProcess(LazyStackRenderer.java:105) ~[na:na]
	at org.eclipse.e4.ui.workbench.renderers.swt.PerspectiveStackRenderer.postProcess(PerspectiveStackRenderer.java:64) ~[na:na]
	at org.eclipse.e4.ui.internal.workbench.swt.PartRenderingEngine.safeCreateGui(PartRenderingEngine.java:680) ~[na:na]
	at org.eclipse.e4.ui.internal.workbench.swt.PartRenderingEngine.safeCreateGui(PartRenderingEngine.java:768) ~[na:na]
	at org.eclipse.e4.ui.internal.workbench.swt.PartRenderingEngine.access$0(PartRenderingEngine.java:739) ~[na:na]
	at org.eclipse.e4.ui.internal.workbench.swt.PartRenderingEngine$2.run(PartRenderingEngine.java:733) ~[na:na]
	at org.eclipse.core.runtime.SafeRunner.run(SafeRunner.java:45) [org.eclipse.equinox.common_3.11.0.v20200206-0817.jar:na]
	at org.eclipse.e4.ui.internal.workbench.swt.PartRenderingEngine.createGui(PartRenderingEngine.java:717) ~[na:na]
	at org.eclipse.e4.ui.workbench.renderers.swt.SWTPartRenderer.processContents(SWTPartRenderer.java:71) ~[na:na]
	at org.eclipse.e4.ui.workbench.renderers.swt.SashRenderer.processContents(SashRenderer.java:148) ~[na:na]
	at org.eclipse.e4.ui.internal.workbench.swt.PartRenderingEngine.safeCreateGui(PartRenderingEngine.java:676) ~[na:na]
	at org.eclipse.e4.ui.internal.workbench.swt.PartRenderingEngine.safeCreateGui(PartRenderingEngine.java:768) ~[na:na]
	at org.eclipse.e4.ui.internal.workbench.swt.PartRenderingEngine.access$0(PartRenderingEngine.java:739) ~[na:na]
	at org.eclipse.e4.ui.internal.workbench.swt.PartRenderingEngine$2.run(PartRenderingEngine.java:733) ~[na:na]
	at org.eclipse.core.runtime.SafeRunner.run(SafeRunner.java:45) [org.eclipse.equinox.common_3.11.0.v20200206-0817.jar:na]
	at org.eclipse.e4.ui.internal.workbench.swt.PartRenderingEngine.createGui(PartRenderingEngine.java:717) ~[na:na]
	at org.eclipse.e4.ui.workbench.renderers.swt.SWTPartRenderer.processContents(SWTPartRenderer.java:71) ~[na:na]
	at org.eclipse.e4.ui.workbench.renderers.swt.WBWRenderer.processContents(WBWRenderer.java:666) ~[na:na]
	at org.eclipse.e4.ui.internal.workbench.swt.PartRenderingEngine.safeCreateGui(PartRenderingEngine.java:676) ~[na:na]
	at org.eclipse.e4.ui.internal.workbench.swt.PartRenderingEngine.safeCreateGui(PartRenderingEngine.java:768) ~[na:na]
	at org.eclipse.e4.ui.internal.workbench.swt.PartRenderingEngine.access$0(PartRenderingEngine.java:739) ~[na:na]
	at org.eclipse.e4.ui.internal.workbench.swt.PartRenderingEngine$2.run(PartRenderingEngine.java:733) ~[na:na]
	at org.eclipse.core.runtime.SafeRunner.run(SafeRunner.java:45) [org.eclipse.equinox.common_3.11.0.v20200206-0817.jar:na]
	at org.eclipse.e4.ui.internal.workbench.swt.PartRenderingEngine.createGui(PartRenderingEngine.java:717) ~[na:na]
	at org.eclipse.e4.ui.internal.workbench.swt.PartRenderingEngine$5.run(PartRenderingEngine.java:1086) ~[na:na]
	at org.eclipse.core.databinding.observable.Realm.runWithDefault(Realm.java:338) ~[na:na]
	at org.eclipse.e4.ui.internal.workbench.swt.PartRenderingEngine.run(PartRenderingEngine.java:1049) ~[na:na]
	at org.eclipse.e4.ui.internal.workbench.E4Workbench.createAndRunUI(E4Workbench.java:155) ~[na:na]
	at org.eclipse.ui.internal.Workbench.lambda$3(Workbench.java:658) ~[org.eclipse.ui.workbench_3.118.0.v20200222-0719.jar:na]
	at org.eclipse.core.databinding.observable.Realm.runWithDefault(Realm.java:338) ~[na:na]
	at org.eclipse.ui.internal.Workbench.createAndRunWorkbench(Workbench.java:557) ~[org.eclipse.ui.workbench_3.118.0.v20200222-0719.jar:na]
	at org.eclipse.ui.PlatformUI.createAndRunWorkbench(PlatformUI.java:154) ~[org.eclipse.ui.workbench_3.118.0.v20200222-0719.jar:na]
	at org.eclipse.ui.internal.ide.application.IDEApplication.start(IDEApplication.java:150) ~[na:na]
	at org.eclipse.equinox.internal.app.EclipseAppHandle.run(EclipseAppHandle.java:203) ~[org.eclipse.equinox.app_1.4.400.v20191212-0743.jar:na]
	at org.eclipse.core.runtime.internal.adaptor.EclipseAppLauncher.runApplication(EclipseAppLauncher.java:137) ~[org.eclipse.osgi_3.15.200.v20200214-1600.jar:na]
	at org.eclipse.core.runtime.internal.adaptor.EclipseAppLauncher.start(EclipseAppLauncher.java:107) ~[org.eclipse.osgi_3.15.200.v20200214-1600.jar:na]
	at org.eclipse.core.runtime.adaptor.EclipseStarter.run(EclipseStarter.java:401) ~[org.eclipse.osgi_3.15.200.v20200214-1600.jar:na]
	at org.eclipse.core.runtime.adaptor.EclipseStarter.run(EclipseStarter.java:255) ~[org.eclipse.osgi_3.15.200.v20200214-1600.jar:na]
	at sun.reflect.NativeMethodAccessorImpl.invoke0(Native Method) ~[na:1.8.0_441]
	at sun.reflect.NativeMethodAccessorImpl.invoke(Unknown Source) ~[na:1.8.0_441]
	at sun.reflect.DelegatingMethodAccessorImpl.invoke(Unknown Source) ~[na:1.8.0_441]
	at java.lang.reflect.Method.invoke(Unknown Source) ~[na:1.8.0_441]
	at org.eclipse.equinox.launcher.Main.invokeFramework(Main.java:657) ~[org.eclipse.equinox.launcher_1.5.700.v20200207-2156.jar:na]
	at org.eclipse.equinox.launcher.Main.basicRun(Main.java:594) ~[org.eclipse.equinox.launcher_1.5.700.v20200207-2156.jar:na]
	at org.eclipse.equinox.launcher.Main.run(Main.java:1447) ~[org.eclipse.equinox.launcher_1.5.700.v20200207-2156.jar:na]
2025-04-25 22:45:44,862 [Worker-2: Loading available Gradle versions] INFO  o.e.b.c.i.u.g.PublishedGradleVersions - Gradle version information cache is up-to-date. Trying to read.
2025-04-25 22:45:54,607 [Worker-7: Updating Maven Dependencies] INFO  o.e.m.c.i.l.LifecycleMappingFactory - Using org.eclipse.m2e.jdt.JarLifecycleMapping lifecycle mapping for MavenProject: vn.techmaster:peopledata:1.0.0 @ D:\Code\Java\Spring boot\SpringBoot30Lessons\06DataAnalysis\peopledata\pom.xml.
2025-04-25 22:45:54,739 [Worker-3: Building] INFO  o.e.m.c.i.l.LifecycleMappingFactory - Using org.eclipse.m2e.jdt.JarLifecycleMapping lifecycle mapping for MavenProject: vn.techmaster:peopledata:1.0.0 @ D:\Code\Java\Spring boot\SpringBoot30Lessons\06DataAnalysis\peopledata\pom.xml.
2025-04-25 22:45:57,829 [Worker-3: Building] INFO  o.e.m.c.i.embedder.EclipseLogger - Using 'UTF-8' encoding to copy filtered resources.
2025-04-25 22:45:57,829 [Worker-3: Building] INFO  o.e.m.c.i.embedder.EclipseLogger - Using 'UTF-8' encoding to copy filtered properties files.
2025-04-25 22:45:57,835 [Worker-3: Building] INFO  o.e.m.c.i.embedder.EclipseLogger - Copying 1 resource
2025-04-25 22:45:57,858 [Worker-3: Building] INFO  o.e.m.c.i.embedder.EclipseLogger - Copying 3 resources
2025-04-25 22:45:57,921 [Worker-3: Building] INFO  o.e.m.c.i.embedder.EclipseLogger - Using 'UTF-8' encoding to copy filtered resources.
2025-04-25 22:45:57,921 [Worker-3: Building] INFO  o.e.m.c.i.embedder.EclipseLogger - Using 'UTF-8' encoding to copy filtered properties files.
2025-04-25 22:45:57,921 [Worker-3: Building] INFO  o.e.m.c.i.embedder.EclipseLogger - skip non existing resourceDirectory D:\Code\Java\Spring boot\SpringBoot30Lessons\06DataAnalysis\peopledata\src\test\resources
2025-04-25 22:45:58,391 [Worker-23: Updating Maven Dependencies] INFO  o.e.m.c.i.l.LifecycleMappingFactory - Using org.eclipse.m2e.jdt.JarLifecycleMapping lifecycle mapping for MavenProject: vn.techmaster:peopledata:1.0.0 @ D:\Code\Java\Spring boot\SpringBoot30Lessons\06DataAnalysis\peopledata\pom.xml.
2025-04-25 22:45:59,814 [Worker-20: Building] INFO  o.e.m.c.i.embedder.EclipseLogger - Using 'UTF-8' encoding to copy filtered resources.
2025-04-25 22:45:59,814 [Worker-20: Building] INFO  o.e.m.c.i.embedder.EclipseLogger - Using 'UTF-8' encoding to copy filtered properties files.
2025-04-25 22:45:59,816 [Worker-20: Building] INFO  o.e.m.c.i.embedder.EclipseLogger - Copying 0 resource
2025-04-25 22:45:59,816 [Worker-20: Building] INFO  o.e.m.c.i.embedder.EclipseLogger - Copying 0 resource
2025-04-25 22:45:59,819 [Worker-20: Building] INFO  o.e.m.c.i.embedder.EclipseLogger - Using 'UTF-8' encoding to copy filtered resources.
2025-04-25 22:45:59,819 [Worker-20: Building] INFO  o.e.m.c.i.embedder.EclipseLogger - Using 'UTF-8' encoding to copy filtered properties files.
2025-04-25 22:45:59,819 [Worker-20: Building] INFO  o.e.m.c.i.embedder.EclipseLogger - skip non existing resourceDirectory D:\Code\Java\Spring boot\SpringBoot30Lessons\06DataAnalysis\peopledata\src\test\resources
2025-04-25 22:46:22,461 [Worker-11: Updating Maven Dependencies] ERROR o.e.m.j.i.l.MavenLaunchConfigurationListener - Launch configuration PeopledataApplication references non-existing project peopledata.
org.eclipse.core.runtime.CoreException: Launch configuration PeopledataApplication references non-existing project peopledata.
	at org.eclipse.jdt.launching.JavaRuntime.abort(JavaRuntime.java:1838) ~[org.eclipse.jdt.launching_3.17.0.v20200215-0651.jar:na]
	at org.eclipse.jdt.launching.JavaRuntime.getJavaProject(JavaRuntime.java:1713) ~[org.eclipse.jdt.launching_3.17.0.v20200215-0651.jar:na]
	at org.eclipse.m2e.jdt.internal.launch.MavenLaunchConfigurationListener.updateLaunchConfiguration(MavenLaunchConfigurationListener.java:55) [org.eclipse.m2e.jdt_1.15.0.20200226-1722.jar:na]
	at org.eclipse.m2e.jdt.internal.launch.MavenLaunchConfigurationListener.launchConfigurationChanged(MavenLaunchConfigurationListener.java:40) [org.eclipse.m2e.jdt_1.15.0.20200226-1722.jar:na]
	at org.eclipse.debug.internal.core.LaunchManager$ConfigurationNotifier.run(LaunchManager.java:225) [org.eclipse.debug.core_3.15.0.v20200224-0654.jar:na]
	at org.eclipse.core.runtime.SafeRunner.run(SafeRunner.java:45) [org.eclipse.equinox.common_3.11.0.v20200206-0817.jar:na]
	at org.eclipse.debug.internal.core.LaunchManager$ConfigurationNotifier.notify(LaunchManager.java:209) [org.eclipse.debug.core_3.15.0.v20200224-0654.jar:na]
	at org.eclipse.debug.internal.core.LaunchConfigurationWorkingCopy.setDirty(LaunchConfigurationWorkingCopy.java:522) [org.eclipse.debug.core_3.15.0.v20200224-0654.jar:na]
	at org.eclipse.debug.internal.core.LaunchConfigurationWorkingCopy.setAttribute(LaunchConfigurationWorkingCopy.java:410) [org.eclipse.debug.core_3.15.0.v20200224-0654.jar:na]
	at org.eclipse.m2e.jdt.internal.launch.MavenRuntimeClasspathProvider.disable(MavenRuntimeClasspathProvider.java:450) [org.eclipse.m2e.jdt_1.15.0.20200226-1722.jar:na]
	at org.eclipse.m2e.jdt.internal.launch.MavenRuntimeClasspathProvider.disable(MavenRuntimeClasspathProvider.java:476) [org.eclipse.m2e.jdt_1.15.0.20200226-1722.jar:na]
	at org.eclipse.m2e.jdt.internal.launch.MavenLaunchConfigurationListener.mavenProjectChanged(MavenLaunchConfigurationListener.java:72) [org.eclipse.m2e.jdt_1.15.0.20200226-1722.jar:na]
	at org.eclipse.m2e.core.internal.project.registry.ProjectRegistryManager.notifyProjectChangeListeners(ProjectRegistryManager.java:821) [org.eclipse.m2e.core_1.15.0.20200305-1308.jar:na]
	at org.eclipse.m2e.core.internal.project.registry.ProjectRegistryManager.applyMutableProjectRegistry(ProjectRegistryManager.java:985) [org.eclipse.m2e.core_1.15.0.20200305-1308.jar:na]
	at org.eclipse.m2e.core.internal.project.registry.ProjectRegistryRefreshJob.lambda$0(ProjectRegistryRefreshJob.java:149) [org.eclipse.m2e.core_1.15.0.20200305-1308.jar:na]
	at org.eclipse.m2e.core.internal.embedder.MavenExecutionContext.executeBare(MavenExecutionContext.java:179) ~[org.eclipse.m2e.core_1.15.0.20200305-1308.jar:na]
	at org.eclipse.m2e.core.internal.embedder.MavenExecutionContext.execute(MavenExecutionContext.java:153) ~[org.eclipse.m2e.core_1.15.0.20200305-1308.jar:na]
	at org.eclipse.m2e.core.internal.embedder.MavenExecutionContext.execute(MavenExecutionContext.java:101) ~[org.eclipse.m2e.core_1.15.0.20200305-1308.jar:na]
	at org.eclipse.m2e.core.internal.embedder.MavenImpl.execute(MavenImpl.java:1373) ~[org.eclipse.m2e.core_1.15.0.20200305-1308.jar:na]
	at org.eclipse.m2e.core.internal.project.registry.ProjectRegistryRefreshJob.run(ProjectRegistryRefreshJob.java:84) [org.eclipse.m2e.core_1.15.0.20200305-1308.jar:na]
	at org.eclipse.core.internal.jobs.Worker.run(Worker.java:63) ~[org.eclipse.core.jobs_3.10.700.v20200106-1020.jar:na]
2025-04-25 22:46:22,462 [Worker-11: Updating Maven Dependencies] ERROR o.e.m.j.i.l.MavenLaunchConfigurationListener - Launch configuration PeopledataApplication references non-existing project peopledata.
org.eclipse.core.runtime.CoreException: Launch configuration PeopledataApplication references non-existing project peopledata.
	at org.eclipse.jdt.launching.JavaRuntime.abort(JavaRuntime.java:1838) ~[org.eclipse.jdt.launching_3.17.0.v20200215-0651.jar:na]
	at org.eclipse.jdt.launching.JavaRuntime.getJavaProject(JavaRuntime.java:1713) ~[org.eclipse.jdt.launching_3.17.0.v20200215-0651.jar:na]
	at org.eclipse.m2e.jdt.internal.launch.MavenLaunchConfigurationListener.updateLaunchConfiguration(MavenLaunchConfigurationListener.java:55) [org.eclipse.m2e.jdt_1.15.0.20200226-1722.jar:na]
	at org.eclipse.m2e.jdt.internal.launch.MavenLaunchConfigurationListener.launchConfigurationChanged(MavenLaunchConfigurationListener.java:40) [org.eclipse.m2e.jdt_1.15.0.20200226-1722.jar:na]
	at org.eclipse.debug.internal.core.LaunchManager$ConfigurationNotifier.run(LaunchManager.java:225) [org.eclipse.debug.core_3.15.0.v20200224-0654.jar:na]
	at org.eclipse.core.runtime.SafeRunner.run(SafeRunner.java:45) [org.eclipse.equinox.common_3.11.0.v20200206-0817.jar:na]
	at org.eclipse.debug.internal.core.LaunchManager$ConfigurationNotifier.notify(LaunchManager.java:209) [org.eclipse.debug.core_3.15.0.v20200224-0654.jar:na]
	at org.eclipse.debug.internal.core.LaunchConfigurationWorkingCopy.setDirty(LaunchConfigurationWorkingCopy.java:522) [org.eclipse.debug.core_3.15.0.v20200224-0654.jar:na]
	at org.eclipse.debug.internal.core.LaunchConfigurationWorkingCopy.setAttribute(LaunchConfigurationWorkingCopy.java:410) [org.eclipse.debug.core_3.15.0.v20200224-0654.jar:na]
	at org.eclipse.m2e.jdt.internal.launch.MavenRuntimeClasspathProvider.disable(MavenRuntimeClasspathProvider.java:451) [org.eclipse.m2e.jdt_1.15.0.20200226-1722.jar:na]
	at org.eclipse.m2e.jdt.internal.launch.MavenRuntimeClasspathProvider.disable(MavenRuntimeClasspathProvider.java:476) [org.eclipse.m2e.jdt_1.15.0.20200226-1722.jar:na]
	at org.eclipse.m2e.jdt.internal.launch.MavenLaunchConfigurationListener.mavenProjectChanged(MavenLaunchConfigurationListener.java:72) [org.eclipse.m2e.jdt_1.15.0.20200226-1722.jar:na]
	at org.eclipse.m2e.core.internal.project.registry.ProjectRegistryManager.notifyProjectChangeListeners(ProjectRegistryManager.java:821) [org.eclipse.m2e.core_1.15.0.20200305-1308.jar:na]
	at org.eclipse.m2e.core.internal.project.registry.ProjectRegistryManager.applyMutableProjectRegistry(ProjectRegistryManager.java:985) [org.eclipse.m2e.core_1.15.0.20200305-1308.jar:na]
	at org.eclipse.m2e.core.internal.project.registry.ProjectRegistryRefreshJob.lambda$0(ProjectRegistryRefreshJob.java:149) [org.eclipse.m2e.core_1.15.0.20200305-1308.jar:na]
	at org.eclipse.m2e.core.internal.embedder.MavenExecutionContext.executeBare(MavenExecutionContext.java:179) ~[org.eclipse.m2e.core_1.15.0.20200305-1308.jar:na]
	at org.eclipse.m2e.core.internal.embedder.MavenExecutionContext.execute(MavenExecutionContext.java:153) ~[org.eclipse.m2e.core_1.15.0.20200305-1308.jar:na]
	at org.eclipse.m2e.core.internal.embedder.MavenExecutionContext.execute(MavenExecutionContext.java:101) ~[org.eclipse.m2e.core_1.15.0.20200305-1308.jar:na]
	at org.eclipse.m2e.core.internal.embedder.MavenImpl.execute(MavenImpl.java:1373) ~[org.eclipse.m2e.core_1.15.0.20200305-1308.jar:na]
	at org.eclipse.m2e.core.internal.project.registry.ProjectRegistryRefreshJob.run(ProjectRegistryRefreshJob.java:84) [org.eclipse.m2e.core_1.15.0.20200305-1308.jar:na]
	at org.eclipse.core.internal.jobs.Worker.run(Worker.java:63) ~[org.eclipse.core.jobs_3.10.700.v20200106-1020.jar:na]
2025-04-25 22:46:22,465 [Worker-11: Updating Maven Dependencies] ERROR o.e.m.j.i.l.MavenLaunchConfigurationListener - Launch configuration PeopledataApplication references non-existing project peopledata.
org.eclipse.core.runtime.CoreException: Launch configuration PeopledataApplication references non-existing project peopledata.
	at org.eclipse.jdt.launching.JavaRuntime.abort(JavaRuntime.java:1838) ~[org.eclipse.jdt.launching_3.17.0.v20200215-0651.jar:na]
	at org.eclipse.jdt.launching.JavaRuntime.getJavaProject(JavaRuntime.java:1713) ~[org.eclipse.jdt.launching_3.17.0.v20200215-0651.jar:na]
	at org.eclipse.m2e.jdt.internal.launch.MavenLaunchConfigurationListener.updateLaunchConfiguration(MavenLaunchConfigurationListener.java:55) [org.eclipse.m2e.jdt_1.15.0.20200226-1722.jar:na]
	at org.eclipse.m2e.jdt.internal.launch.MavenLaunchConfigurationListener.launchConfigurationChanged(MavenLaunchConfigurationListener.java:40) [org.eclipse.m2e.jdt_1.15.0.20200226-1722.jar:na]
	at org.eclipse.debug.internal.core.LaunchManager$ConfigurationNotifier.run(LaunchManager.java:225) [org.eclipse.debug.core_3.15.0.v20200224-0654.jar:na]
	at org.eclipse.core.runtime.SafeRunner.run(SafeRunner.java:45) [org.eclipse.equinox.common_3.11.0.v20200206-0817.jar:na]
	at org.eclipse.debug.internal.core.LaunchManager$ConfigurationNotifier.notify(LaunchManager.java:209) [org.eclipse.debug.core_3.15.0.v20200224-0654.jar:na]
	at org.eclipse.debug.internal.core.LaunchManager.launchConfigurationChanged(LaunchManager.java:2141) [org.eclipse.debug.core_3.15.0.v20200224-0654.jar:na]
	at org.eclipse.debug.internal.core.LaunchConfigurationWorkingCopy.writeNewFile(LaunchConfigurationWorkingCopy.java:375) [org.eclipse.debug.core_3.15.0.v20200224-0654.jar:na]
	at org.eclipse.debug.internal.core.LaunchConfigurationWorkingCopy.doSave0(LaunchConfigurationWorkingCopy.java:258) [org.eclipse.debug.core_3.15.0.v20200224-0654.jar:na]
	at org.eclipse.debug.internal.core.LaunchConfigurationWorkingCopy.doSave(LaunchConfigurationWorkingCopy.java:228) [org.eclipse.debug.core_3.15.0.v20200224-0654.jar:na]
	at org.eclipse.debug.internal.core.LaunchConfigurationWorkingCopy.doSave(LaunchConfigurationWorkingCopy.java:186) [org.eclipse.debug.core_3.15.0.v20200224-0654.jar:na]
	at org.eclipse.m2e.jdt.internal.launch.MavenRuntimeClasspathProvider.disable(MavenRuntimeClasspathProvider.java:452) [org.eclipse.m2e.jdt_1.15.0.20200226-1722.jar:na]
	at org.eclipse.m2e.jdt.internal.launch.MavenRuntimeClasspathProvider.disable(MavenRuntimeClasspathProvider.java:476) [org.eclipse.m2e.jdt_1.15.0.20200226-1722.jar:na]
	at org.eclipse.m2e.jdt.internal.launch.MavenLaunchConfigurationListener.mavenProjectChanged(MavenLaunchConfigurationListener.java:72) [org.eclipse.m2e.jdt_1.15.0.20200226-1722.jar:na]
	at org.eclipse.m2e.core.internal.project.registry.ProjectRegistryManager.notifyProjectChangeListeners(ProjectRegistryManager.java:821) [org.eclipse.m2e.core_1.15.0.20200305-1308.jar:na]
	at org.eclipse.m2e.core.internal.project.registry.ProjectRegistryManager.applyMutableProjectRegistry(ProjectRegistryManager.java:985) [org.eclipse.m2e.core_1.15.0.20200305-1308.jar:na]
	at org.eclipse.m2e.core.internal.project.registry.ProjectRegistryRefreshJob.lambda$0(ProjectRegistryRefreshJob.java:149) [org.eclipse.m2e.core_1.15.0.20200305-1308.jar:na]
	at org.eclipse.m2e.core.internal.embedder.MavenExecutionContext.executeBare(MavenExecutionContext.java:179) ~[org.eclipse.m2e.core_1.15.0.20200305-1308.jar:na]
	at org.eclipse.m2e.core.internal.embedder.MavenExecutionContext.execute(MavenExecutionContext.java:153) ~[org.eclipse.m2e.core_1.15.0.20200305-1308.jar:na]
	at org.eclipse.m2e.core.internal.embedder.MavenExecutionContext.execute(MavenExecutionContext.java:101) ~[org.eclipse.m2e.core_1.15.0.20200305-1308.jar:na]
	at org.eclipse.m2e.core.internal.embedder.MavenImpl.execute(MavenImpl.java:1373) ~[org.eclipse.m2e.core_1.15.0.20200305-1308.jar:na]
	at org.eclipse.m2e.core.internal.project.registry.ProjectRegistryRefreshJob.run(ProjectRegistryRefreshJob.java:84) [org.eclipse.m2e.core_1.15.0.20200305-1308.jar:na]
	at org.eclipse.core.internal.jobs.Worker.run(Worker.java:63) ~[org.eclipse.core.jobs_3.10.700.v20200106-1020.jar:na]
2025-04-25 22:57:58,851 [Worker-1: Loading available Gradle versions] INFO  o.e.b.c.i.u.g.PublishedGradleVersions - Gradle version information cache is up-to-date. Trying to read.
2025-04-28 15:08:55,579 [Worker-4: Loading available Gradle versions] INFO  o.e.b.c.i.u.g.PublishedGradleVersions - Gradle version information cache is out-of-date. Trying to update.
2025-05-05 21:17:23,699 [Worker-1: Loading available Gradle versions] INFO  o.e.b.c.i.u.g.PublishedGradleVersions - Gradle version information cache is up-to-date. Trying to read.
2025-05-05 21:17:44,228 [Worker-1: Loading available Gradle versions] INFO  o.e.b.c.i.u.g.PublishedGradleVersions - Gradle version information cache is up-to-date. Trying to read.
2025-05-05 21:18:41,093 [Worker-1: Loading available Gradle versions] INFO  o.e.b.c.i.u.g.PublishedGradleVersions - Gradle version information cache is up-to-date. Trying to read.
2025-05-06 07:46:25,326 [Worker-5: Loading available Gradle versions] INFO  o.e.b.c.i.u.g.PublishedGradleVersions - Gradle version information cache is up-to-date. Trying to read.
2025-05-06 09:55:34,327 [Worker-6: Loading available Gradle versions] INFO  o.e.b.c.i.u.g.PublishedGradleVersions - Gradle version information cache is up-to-date. Trying to read.
2025-05-08 22:20:48,370 [Worker-0: Loading available Gradle versions] INFO  o.e.b.c.i.u.g.PublishedGradleVersions - Gradle version information cache is up-to-date. Trying to read.
2025-05-13 22:30:54,296 [Worker-3: Loading available Gradle versions] INFO  o.e.b.c.i.u.g.PublishedGradleVersions - Gradle version information cache is up-to-date. Trying to read.
2025-05-13 23:49:31,161 [Worker-4: Loading available Gradle versions] INFO  o.e.b.c.i.u.g.PublishedGradleVersions - Gradle version information cache is up-to-date. Trying to read.
2025-05-20 23:05:24,624 [Worker-2: Loading available Gradle versions] INFO  o.e.b.c.i.u.g.PublishedGradleVersions - Gradle version information cache is up-to-date. Trying to read.
2025-05-21 13:42:16,909 [Worker-2: Loading available Gradle versions] INFO  o.e.b.c.i.u.g.PublishedGradleVersions - Gradle version information cache is out-of-date. Trying to update.
2025-05-26 22:22:39,686 [Worker-4: Loading available Gradle versions] INFO  o.e.b.c.i.u.g.PublishedGradleVersions - Gradle version information cache is up-to-date. Trying to read.
